[1] "en_US.utf8"
# SessionInfo
─ Session info ───────────────────────────────────────────────────────────────
 setting  value                       
 version  R version 4.0.4 (2021-02-15)
 os       Ubuntu 16.04.7 LTS          
 system   x86_64, linux-gnu           
 ui       X11                         
 language (EN)                        
 collate  en_US.UTF-8                 
 ctype    en_US.UTF-8                 
 tz       Europe/Zurich               
 date     2021-06-24                  

─ Packages ───────────────────────────────────────────────────────────────────
 package              * version  date       lib source        
 annotate               1.68.0   2020-10-27 [1] Bioconductor  
 AnnotationDbi          1.52.0   2020-10-27 [1] Bioconductor  
 assertthat             0.2.1    2019-03-21 [1] CRAN (R 4.0.4)
 Biobase                2.50.0   2020-10-27 [1] Bioconductor  
 BiocGenerics           0.36.1   2021-04-16 [1] Bioconductor  
 BiocParallel           1.24.1   2020-11-06 [1] Bioconductor  
 Biostrings             2.58.0   2020-10-27 [1] Bioconductor  
 bit                    4.0.4    2020-08-04 [1] CRAN (R 4.0.4)
 bit64                  4.0.5    2020-08-30 [1] CRAN (R 4.0.4)
 bitops                 1.0-7    2021-04-24 [1] CRAN (R 4.0.4)
 blob                   1.2.1    2020-01-20 [1] CRAN (R 4.0.4)
 cachem                 1.0.4    2021-02-13 [1] CRAN (R 4.0.4)
 callr                  3.7.0    2021-04-20 [1] CRAN (R 4.0.4)
 cli                    2.5.0    2021-04-26 [1] CRAN (R 4.0.4)
 colorspace             2.0-0    2020-11-11 [1] CRAN (R 4.0.4)
 crayon                 1.4.1    2021-02-08 [1] CRAN (R 4.0.4)
 data.table           * 1.14.0   2021-02-21 [1] CRAN (R 4.0.4)
 DBI                    1.1.1    2021-01-15 [1] CRAN (R 4.0.4)
 DelayedArray           0.16.3   2021-03-24 [1] Bioconductor  
 desc                   1.3.0    2021-03-05 [1] CRAN (R 4.0.4)
 DESeq2                 1.30.1   2021-02-19 [1] Bioconductor  
 devtools               2.4.2    2021-06-07 [1] CRAN (R 4.0.4)
 dplyr                  1.0.5    2021-03-05 [1] CRAN (R 4.0.4)
 edgeR                * 3.32.1   2021-01-14 [1] Bioconductor  
 ellipsis               0.3.1    2020-05-15 [1] CRAN (R 4.0.4)
 fansi                  0.4.2    2021-01-15 [1] CRAN (R 4.0.4)
 fastmap                1.1.0    2021-01-25 [1] CRAN (R 4.0.4)
 fs                     1.5.0    2020-07-31 [1] CRAN (R 4.0.4)
 genefilter             1.72.1   2021-01-21 [1] Bioconductor  
 geneplotter            1.68.0   2020-10-27 [1] Bioconductor  
 generics               0.1.0    2020-10-31 [1] CRAN (R 4.0.4)
 GenomeInfoDb           1.26.7   2021-04-08 [1] Bioconductor  
 GenomeInfoDbData       1.2.4    2021-03-30 [1] Bioconductor  
 GenomicRanges          1.42.0   2020-10-27 [1] Bioconductor  
 GEOquery               2.58.0   2020-10-27 [1] Bioconductor  
 ggplot2                3.3.3    2020-12-30 [1] CRAN (R 4.0.4)
 glue                   1.4.2    2020-08-27 [1] CRAN (R 4.0.4)
 gtable                 0.3.0    2019-03-25 [1] CRAN (R 4.0.4)
 hms                    1.0.0    2021-01-13 [1] CRAN (R 4.0.4)
 httr                   1.4.2    2020-07-20 [1] CRAN (R 4.0.4)
 IRanges                2.24.1   2020-12-12 [1] Bioconductor  
 jsonlite             * 1.7.2    2020-12-09 [1] CRAN (R 4.0.4)
 lattice                0.20-41  2020-04-02 [1] CRAN (R 4.0.4)
 lifecycle              1.0.0    2021-02-15 [1] CRAN (R 4.0.4)
 limma                * 3.46.0   2020-10-27 [1] Bioconductor  
 locfit                 1.5-9.4  2020-03-25 [1] CRAN (R 4.0.4)
 magrittr               2.0.1    2020-11-17 [1] CRAN (R 4.0.4)
 Matrix                 1.3-2    2021-01-06 [1] CRAN (R 4.0.4)
 MatrixGenerics         1.2.1    2021-01-30 [1] Bioconductor  
 matrixStats            0.58.0   2021-01-29 [1] CRAN (R 4.0.4)
 memoise                2.0.0    2021-01-26 [1] CRAN (R 4.0.4)
 munsell                0.5.0    2018-06-12 [1] CRAN (R 4.0.4)
 pillar                 1.6.0    2021-04-13 [1] CRAN (R 4.0.4)
 pkgbuild               1.2.0    2020-12-15 [1] CRAN (R 4.0.4)
 pkgconfig              2.0.3    2019-09-22 [1] CRAN (R 4.0.4)
 pkgload                1.2.1    2021-04-06 [1] CRAN (R 4.0.4)
 plgINS               * 0.1.5    2021-05-03 [1] local         
 plyr                   1.8.6    2020-03-03 [1] CRAN (R 4.0.4)
 prettyunits            1.1.1    2020-01-24 [1] CRAN (R 4.0.4)
 processx               3.5.1    2021-04-04 [1] CRAN (R 4.0.4)
 ps                     1.6.0    2021-02-28 [1] CRAN (R 4.0.4)
 purrr                  0.3.4    2020-04-17 [1] CRAN (R 4.0.4)
 R6                     2.5.0    2020-10-28 [1] CRAN (R 4.0.4)
 RColorBrewer           1.1-2    2014-12-07 [1] CRAN (R 4.0.4)
 Rcpp                   1.0.6    2021-01-15 [1] CRAN (R 4.0.4)
 RCurl                  1.98-1.3 2021-03-16 [1] CRAN (R 4.0.4)
 readr                  1.4.0    2020-10-05 [1] CRAN (R 4.0.4)
 remotes                2.3.0    2021-04-01 [1] CRAN (R 4.0.4)
 rlang                  0.4.10   2020-12-30 [1] CRAN (R 4.0.4)
 rprojroot              2.0.2    2020-11-15 [1] CRAN (R 4.0.4)
 RSQLite                2.2.7    2021-04-22 [1] CRAN (R 4.0.4)
 rstudioapi             0.13     2020-11-12 [1] CRAN (R 4.0.4)
 S4Vectors              0.28.1   2020-12-09 [1] Bioconductor  
 scales                 1.1.1    2020-05-11 [1] CRAN (R 4.0.4)
 sessioninfo            1.1.1    2018-11-05 [1] CRAN (R 4.0.4)
 SRAdb                  1.52.0   2020-10-27 [1] Bioconductor  
 stringi                1.5.3    2020-09-09 [1] CRAN (R 4.0.4)
 stringr                1.4.0    2019-02-10 [1] CRAN (R 4.0.4)
 SummarizedExperiment   1.20.0   2020-10-27 [1] Bioconductor  
 survival               3.2-11   2021-04-26 [1] CRAN (R 4.0.4)
 testthat               3.0.2    2021-02-14 [1] CRAN (R 4.0.4)
 tibble                 3.1.1    2021-04-18 [1] CRAN (R 4.0.4)
 tidyr                  1.1.3    2021-03-03 [1] CRAN (R 4.0.4)
 tidyselect             1.1.0    2020-05-11 [1] CRAN (R 4.0.4)
 usethis                2.0.1    2021-02-10 [1] CRAN (R 4.0.4)
 utf8                   1.2.1    2021-03-12 [1] CRAN (R 4.0.4)
 vctrs                  0.3.7    2021-03-29 [1] CRAN (R 4.0.4)
 withr                  2.4.2    2021-04-18 [1] CRAN (R 4.0.4)
 XML                    3.99-0.6 2021-03-16 [1] CRAN (R 4.0.4)
 xml2                   1.3.2    2020-04-23 [1] CRAN (R 4.0.4)
 xtable                 1.8-4    2019-04-21 [1] CRAN (R 4.0.4)
 XVector                0.30.0   2020-10-27 [1] Bioconductor  
 zlibbioc               1.36.0   2020-10-27 [1] Bioconductor  

[1] /home/ubuntu/R/x86_64-pc-linux-gnu-library/4.0
[2] /usr/local/lib/R/site-library
[3] /usr/lib/R/site-library
[4] /usr/lib/R/library
